C:\Users\Emma\Desktop\strumenti e metodi del progetto\github\QM-D_4_CUCINA\metod-20x60_899.124.63.dwg,A000,29/05/2017 11.45.23,Emma,PDFCreator,A1,1:1,
C:\Users\Emma\Desktop\strumenti e metodi del progetto\github\QM-D_4_CUCINA\metod-20x60_899.124.63.dwg,Layout3-A000,29/05/2017 11.47.07,Emma,PDFCreator,A1,1:1,
C:\Users\Emma\Desktop\strumenti e metodi del progetto\github\QM-D_4_CUCINA\QM-D_4_CUCINA.dwg,Layout4-A000,13/06/2017 11.24.06,Emma,PDFCreator,A1,1:1,
C:\Users\Emma\Desktop\strumenti e metodi del progetto\github\QM-D_4_CUCINA\QM-D_4_CUCINA.dwg,Layout4-A000,13/06/2017 11.39.01,Emma,PDFCreator,A1,1:1,
C:\Users\Emma\Desktop\strumenti e metodi del progetto\github\QM-D_4_CUCINA\QM-D_4_CUCINA.dwg,A000,13/06/2017 11.40.57,Emma,PDFCreator,A1,1:1,
C:\Users\Emma\Desktop\strumenti e metodi del progetto\github\QM-D_4_CUCINA\QM-D_4_CUCINA.dwg,A000,13/06/2017 11.44.29,Emma,PDFCreator,A1,1:1,
C:\Users\Emma\Desktop\strumenti e metodi del progetto\github\QM-D_4_CUCINA\QM-D_4_CUCINA.dwg,Layout4-A000,13/06/2017 11.45.08,Emma,PDFCreator,A1,1:1,
C:\Users\Emma\Desktop\strumenti e metodi del progetto\github\QM-D_4_CUCINA\QM-D_4_CUCINA.dwg,A000,30/06/2017 12.11.26,Emma,AutoCAD PDF (High Quality Print).pc3,ISO pagina intera A1 (841 x 594 mm),1:1,
C:\Users\Emma\Desktop\strumenti e metodi del progetto\github\QM-D_4_CUCINA\QM-D_4_CUCINA.dwg,A000,30/06/2017 12.16.42,Emma,PDFCreator,A1,1:1,
C:\Users\Emma\Desktop\strumenti e metodi del progetto\github\QM-D_4_CUCINA\QM-D_4_CUCINA.dwg,Layout4-A000,30/06/2017 12.17.50,Emma,PDFCreator,A1,1:1,
C:\Users\Emma\Desktop\strumenti e metodi del progetto\github\QM-D_4_CUCINA\QM-D_4_CUCINA.dwg,Layout4-A000,30/06/2017 12.27.28,Emma,PDFCreator,A1,1:1,
C:\Users\Emma\Desktop\strumenti e metodi del progetto\github\QM-D_4_CUCINA\QM-D_4_CUCINA.dwg,Layout4-A000,30/06/2017 12.29.33,Emma,PDFCreator,A1,1:1,
C:\Users\Emma\Desktop\strumenti e metodi del progetto\github\QM-D_4_CUCINA\QM-D_4_CUCINA.dwg,A000,30/06/2017 12.30.19,Emma,PDFCreator,A1,1:1,
C:\Users\Emma\Desktop\strumenti e metodi del progetto\github\QM-D_4_CUCINA\metod-maximera_mobile lavello_191.049.84.dwg,A000,04/07/2017 13.10.18,Emma,PDFCreator,A1,1:1,
C:\Users\Emma\Desktop\strumenti e metodi del progetto\github\QM-D_4_CUCINA\metod-maximera_mobile lavello_191.049.84.dwg,Layout3-A000,04/07/2017 13.11.40,Emma,PDFCreator,A1,1:1,
C:\Users\Emma\Desktop\strumenti e metodi del progetto\github\QM-D_4_CUCINA\metod-20x60_899.124.63.dwg,A000,04/07/2017 13.14.20,Emma,PDFCreator,A1,1:1,
C:\Users\Emma\Desktop\strumenti e metodi del progetto\github\QM-D_4_CUCINA\metod-20x60_899.124.63.dwg,Layout3-A000,04/07/2017 13.15.00,Emma,PDFCreator,A1,1:1,
C:\Users\Emma\Desktop\strumenti e metodi del progetto\github\QM-D_4_CUCINA\metod-80x80_590.641.51.dwg,Layout3-A000,04/07/2017 13.15.57,Emma,PDFCreator,A1,1:1,
C:\Users\Emma\Desktop\strumenti e metodi del progetto\github\QM-D_4_CUCINA\metod-80x80_590.641.51.dwg,Layout4-A000,04/07/2017 13.16.42,Emma,PDFCreator,A1,1:1,
C:\Users\Emma\Desktop\strumenti e metodi del progetto\github\QM-D_4_CUCINA\metod-maximera-40x60_091.098.02.dwg,A000,04/07/2017 13.17.43,Emma,PDFCreator,A1,1:1,
C:\Users\Emma\Desktop\strumenti e metodi del progetto\github\QM-D_4_CUCINA\metod-maximera-40x60_091.098.02.dwg,Layout3-A000,04/07/2017 13.19.27,Emma,PDFCreator,A1,1:1,
